<?xml version="1.0" encoding="UTF-8"?>
<!-- Generated by org.testng.reporters.JUnitReportReporter -->
<testsuite hostname="DESKTOP-AECOP8J" failures="0" tests="1" name="test.SwagLabLoginTest" time="19.733" errors="0" timestamp="2022-10-20T18:34:32 IST" skipped="0">
  <testcase classname="test.SwagLabLoginTest" name="LoginWithValidCredentials" time="19.733"/>
  <system-out/>
</testsuite> <!-- test.SwagLabLoginTest -->
