<?xml version="1.0" encoding="UTF-8"?>
<!-- Generated by org.testng.reporters.JUnitReportReporter -->
<testsuite hostname="DESKTOP-AECOP8J" failures="0" tests="1" name="test.SwagLabLoginTest" time="5.041" errors="0" timestamp="2022-10-30T10:02:57 IST" skipped="0">
  <testcase classname="test.SwagLabLoginTest" name="LoginWithValidCredentials" time="5.041"/>
  <system-out/>
</testsuite> <!-- test.SwagLabLoginTest -->
